0 info it worked if it ends with ok
1 verbose cli [ '/usr/bin/nodejs', '/usr/bin/npm', 'run', 'seed' ]
2 info using npm@3.5.2
3 info using node@v4.2.6
4 verbose run-script [ 'preseed', 'seed', 'postseed' ]
5 info lifecycle cs-546-lab-10@1.0.0~preseed: cs-546-lab-10@1.0.0
6 silly lifecycle cs-546-lab-10@1.0.0~preseed: no script for preseed, continuing
7 info lifecycle cs-546-lab-10@1.0.0~seed: cs-546-lab-10@1.0.0
8 verbose lifecycle cs-546-lab-10@1.0.0~seed: unsafe-perm in lifecycle true
9 verbose lifecycle cs-546-lab-10@1.0.0~seed: PATH: /usr/share/npm/bin/node-gyp-bin:/mnt/c/Users/Jordan/Documents/GitHub/pickt/node_modules/.bin:/home/vrjordant/.opam/4.06.1/bin:/home/vrjordant/bin:/home/vrjordant/.local/bin:/usr/local/sbin:/usr/local/bin:/usr/sbin:/usr/bin:/sbin:/bin:/usr/games:/usr/local/games:/mnt/c/Program Files (x86)/Common Files/Oracle/Java/javapath_target_166020359:/mnt/c/Program Files (x86)/Razer Chroma SDK/bin:/mnt/c/Program Files/Razer Chroma SDK/bin:/mnt/c/ProgramData/Oracle/Java/javapath_target_297278375:/mnt/c/Program Files (x86)/Intel/iCLS Client:/mnt/c/Program Files/Intel/iCLS Client:/mnt/c/WINDOWS/System32:/mnt/c/WINDOWS:/mnt/c/WINDOWS/System32/wbem:/mnt/c/WINDOWS/System32/WindowsPowerShell/v1.0:/mnt/c/Program Files (x86)/NVIDIA Corporation/PhysX/Common:/mnt/c/Program Files (x86)/Intel/Intel(R) Management Engine Components/DAL:/mnt/c/Program Files/Intel/Intel(R) Management Engine Components/DAL:/mnt/c/Program Files (x86)/Intel/Intel(R) Management Engine Components/IPT:/mnt/c/Program Files/Intel/Intel(R) Management Engine Components/IPT:/mnt/c/WINDOWS/System32:/mnt/c/WINDOWS:/mnt/c/WINDOWS/System32/wbem:/mnt/c/WINDOWS/System32/WindowsPowerShell/v1.0:/mnt/c/Program Files (x86)/PharosSystems/Core:/mnt/c/Program Files (x86)/Windows Live/Shared:/mnt/c/Python35:/mnt/c/Python35/Scripts:/mnt/c/Program Files/Intel/WiFi/bin:/mnt/c/Program Files/Common Files/Intel/WirelessCommon:/mnt/c/Program Files/nodejs:/mnt/c/Python35/Scripts:/mnt/c/Python35:/mnt/c/Users/Jordan/AppData/Local/Microsoft/WindowsApps:/mnt/c/Users/Jordan/AppData/Local/Microsoft/WindowsApps:/mnt/c/cygwin64/bin:/mnt/c/OCaml64/home/Jordan/.opam/4.02.3+mingw64c/bin:/mnt/c/MinGW/bin:/mnt/c/Users/Jordan/AppData/Local/GitHubDesktop/bin:/mnt/c/Users/Jordan/AppData/Roaming/npm:/mnt/c/Users/Jordan/AppData/Local/Programs/Microsoft VS Code/bin:/mnt/c/Users/Jordan/Desktop/Filing Cabinet/D/Database Management Systems/Lab/mysql-connector-java-8.0.13:/mnt/c/Spin:/snap/bin
10 verbose lifecycle cs-546-lab-10@1.0.0~seed: CWD: /mnt/c/Users/Jordan/Documents/GitHub/pickt
11 silly lifecycle cs-546-lab-10@1.0.0~seed: Args: [ '-c', 'node ./tasks/seed.js' ]
12 silly lifecycle cs-546-lab-10@1.0.0~seed: Returned: code: 1  signal: null
13 info lifecycle cs-546-lab-10@1.0.0~seed: Failed to exec seed script
14 verbose stack Error: cs-546-lab-10@1.0.0 seed: `node ./tasks/seed.js`
14 verbose stack Exit status 1
14 verbose stack     at EventEmitter.<anonymous> (/usr/share/npm/lib/utils/lifecycle.js:232:16)
14 verbose stack     at emitTwo (events.js:87:13)
14 verbose stack     at EventEmitter.emit (events.js:172:7)
14 verbose stack     at ChildProcess.<anonymous> (/usr/share/npm/lib/utils/spawn.js:24:14)
14 verbose stack     at emitTwo (events.js:87:13)
14 verbose stack     at ChildProcess.emit (events.js:172:7)
14 verbose stack     at maybeClose (internal/child_process.js:821:16)
14 verbose stack     at Process.ChildProcess._handle.onexit (internal/child_process.js:211:5)
15 verbose pkgid cs-546-lab-10@1.0.0
16 verbose cwd /mnt/c/Users/Jordan/Documents/GitHub/pickt
17 error Linux 4.4.0-43-Microsoft
18 error argv "/usr/bin/nodejs" "/usr/bin/npm" "run" "seed"
19 error node v4.2.6
20 error npm  v3.5.2
21 error code ELIFECYCLE
22 error cs-546-lab-10@1.0.0 seed: `node ./tasks/seed.js`
22 error Exit status 1
23 error Failed at the cs-546-lab-10@1.0.0 seed script 'node ./tasks/seed.js'.
23 error Make sure you have the latest version of node.js and npm installed.
23 error If you do, this is most likely a problem with the cs-546-lab-10 package,
23 error not with npm itself.
23 error Tell the author that this fails on your system:
23 error     node ./tasks/seed.js
23 error You can get information on how to open an issue for this project with:
23 error     npm bugs cs-546-lab-10
23 error Or if that isn't available, you can get their info via:
23 error     npm owner ls cs-546-lab-10
23 error There is likely additional logging output above.
24 verbose exit [ 1, true ]
